<?xml version="1.0" encoding="UTF-8"?>
<!-- Generated by org.testng.reporters.JUnitXMLReporter -->
<testsuite ignored="2" hostname="LAPTOP-1IUE2TDC" failures="0" tests="6" name="Test" time="13.034" errors="0" timestamp="04 Jun 2024 05:25:41 GMT">
  <testcase classname="com.comcast.crm.scm.addProductsAndDeleteProductTest" name="addProductsTest" time="1.881"/>
  <testcase classname="com.comcast.crm.scm.addProductsAndDeleteProductTest" name="deleteProductList" time="0.411"/>
  <testcase classname="com.comcast.crm.scm.addProductsAndDeleteProductTest" name="verifyDeletedProductList" time="0.214"/>
  <testcase classname="com.comcast.crm.scm.addProductsAndEditTest" name="addProductsTest" time="1.05"/>
  <testcase classname="com.comcast.crm.scm.addProductsAndEditTest" name="updateProductList" time="0.727"/>
  <testcase classname="com.comcast.crm.scm.addProductsAndEditTest" name="verifyUpdatedProductList" time="0.192"/>
  <testcase classname="com.comcast.crm.generic.basetest.BaseClass" name="@BeforeSuite configBS" time="0.0">
    <ignored/>
  </testcase> <!-- @BeforeSuite configBS -->
  <testcase classname="com.comcast.crm.generic.basetest.BaseClass" name="@AfterSuite configAS" time="0.0">
    <ignored/>
  </testcase> <!-- @AfterSuite configAS -->
</testsuite> <!-- Test -->
